0 info it worked if it ends with ok
1 verbose cli [ 'node', '/Users/ritz078/.npm-packages/bin/npm', 'publish' ]
2 info using npm@2.7.3
3 info using node@v0.10.35
4 verbose publish [ '.' ]
5 silly cache add args [ '.', null ]
6 verbose cache add spec .
7 silly cache add parsed spec { raw: '.',
7 silly cache add   scope: null,
7 silly cache add   name: null,
7 silly cache add   rawSpec: '.',
7 silly cache add   spec: '/Users/ritz078/projects/social.js',
7 silly cache add   type: 'directory' }
8 verbose addLocalDirectory /Users/ritz078/.npm/social-share/1.0.0/package.tgz not in flight; packing
9 verbose tar pack [ '/Users/ritz078/.npm/social-share/1.0.0/package.tgz',
9 verbose tar pack   '/Users/ritz078/projects/social.js' ]
10 verbose tarball /Users/ritz078/.npm/social-share/1.0.0/package.tgz
11 verbose folder /Users/ritz078/projects/social.js
12 info prepublish social-share@1.0.0
13 verbose addLocalTarball adding from inside cache /Users/ritz078/.npm/social-share/1.0.0/package.tgz
14 silly cache afterAdd social-share@1.0.0
15 verbose afterAdd /Users/ritz078/.npm/social-share/1.0.0/package/package.json not in flight; writing
16 verbose afterAdd /Users/ritz078/.npm/social-share/1.0.0/package/package.json written
17 silly publish { name: 'social-share',
17 silly publish   version: '1.0.0',
17 silly publish   description: 'social.js',
17 silly publish   main: [ './src/jquery.social.js' ],
17 silly publish   keywords: [ 'jquery-plugin' ],
17 silly publish   author:
17 silly publish    { name: 'Ritesh Kumar',
17 silly publish      email: 'rkritesh078@gmail.com',
17 silly publish      url: 'https://github.com/ritz078' },
17 silly publish   repository: { type: 'git', url: 'https://github.com/ritz078/social-js' },
17 silly publish   license: 'MIT',
17 silly publish   scripts: { test: 'grunt' },
17 silly publish   dependencies: { jquery: '>=1.8.x' },
17 silly publish   devDependencies:
17 silly publish    { grunt: '^0.4.5',
17 silly publish      'grunt-contrib-clean': '^0.6.0',
17 silly publish      'grunt-contrib-concat': '^0.5.0',
17 silly publish      'grunt-contrib-connect': '^0.9.0',
17 silly publish      'grunt-contrib-jshint': '^0.10.0',
17 silly publish      'grunt-contrib-qunit': '^0.5.1',
17 silly publish      'grunt-contrib-uglify': '^0.7.0',
17 silly publish      'grunt-contrib-watch': '^0.6.1',
17 silly publish      'jshint-stylish': '^1.0.0',
17 silly publish      'load-grunt-tasks': '^2.0.0',
17 silly publish      'time-grunt': '^1.0.0' },
17 silly publish   readme: '# socialShare.js\n\n> A jquery plugin to provide more control on social sharing buttons.\n> Do the styling without worrying about the javascript implementation.\n\nDemo is available at [http://rkritesh.in/socialShare.js](http://rkritesh.in/socialShare.js)\n\n\n![screen](demo/screen.png)\n\nFeatures\n--------\n\n* Full control over the design of the buttons.\n* No separate widget js loading for separate services.\n* Share counts of all supported services.\n* Easy to configure.\n\n\n## Getting Started\n\nDownload the [production version][min] or the [development version][max].\n\n[min]: https://raw.githubusercontent.com/ritz078/jquery-social-js/master/dist/jquery.socialshare.min.js\n[max]: https://raw.githubusercontent.com/ritz078/jquery-social-js/master/dist/jquery.socialshare.js\n\nInstall from **npm**\n```\nnpm install --save social-share\n```\n\nInstall from **bower**\n```\nbower install --save social-share\n```\n\nManual injection in your web page:\n\n```html\n<script src="jquery.js"></script>\n<script src="dist/jquery.socialshare.min.js"></script>\n```\n\n##Simple Usage\n\nThis is the minimal configuration required to use the plugin\n\n```javascript\n$(element).socialShare({\n\timage \t\t\t: \'image-url\',\n\ttwitterVia\t\t: \'ritz078\',\n\ttwitterHashTags : \'javascript,jquery\'\n});\n```\n\n##Advanced Options\nproperty|default value|Description\n--------|-------------|-----------\nurl|current page url|The url that will be shared\ndescription|current page meta tag description|Can be set to be shared as description on twitter\ntitle|current page title|Title that will be shared\ntwitter|true|set to false to disable \npinterest|true|set to false to disable\nfacebook|true|set to false to disable\nlinkedin|true|set to false to disable\ngPlus|true|set to false to disable\nimage|null|url of the image that will be shared with the links\ntoWord|true|to convert count numbers into words eg: 12000 to 12K\ntwitterVia|null|string containing the via value for twitter sharing eg: \'ritz078\'.Mandatory if twitter is set to true\ntwitterHashTags|null|comma separated values to be shared as hashtags in a single string.Mandatory if twitter is set to true.\n\n##How to use ?\nYou can use these 2 classes to make a class clickable(open share dialogue) and show the share counts.\n* **[service]-share** and \n* **[service]-count**\n\nwhere **[service] = twitter/facebook/pinterest/linkedin/gPlus**\n\nJust add them wherever you want to use them\n\nClass|Description|example\n------|----------|-------\n**[service]-share**|This is the class that becomes a link after clicking on which the sharing dialogue appears| ```<div class="twitter-share"></div>```\n**[service]-count**|Class in which the share count appears|```<span class="twitter-count"></span>```\n\n\n##Example Usage\n\n* **HTML can comprise of any structure and tags**\n* **Just use the 2 types of class provided**\n\n```html\n<div class="element">\n<!--===== this block will become clickable (shows the twitter share dialogue on click) \nbecause of the class \'twitter-share\'====-->\n\t<div class="twitter-share">\n\t\t<span>Share on twitter</span>\n\t\t<span class="twitter-count"></span> <!--====shows twitter share count==-->\n\t</div>\n\t<!--=======================================-->\n\n\t<!--===== this block will become clickable (shows the facebook share dialogue on click) \nbecause of the class \'facebook-share\'====-->\n\t<div class="facebook-share">\n\t\t<span>Share on Facebook</span>\n\t\t<span class="facebook-count"></span><!--=== shows facebook share count==-->\n\t</div>\n\t<!--======================================-->\n</div>\n\n<script>\n\t$(\'.element\').socialShare({\n\t\timage \t\t\t: \'image-url\',\n\t\ttwitterVia\t\t: \'ritz078\',\n\t\ttwitterHashTags : \'javascript,jquery\'\n\t})\n</script>\n\n\n```\n\nDemo is available at [http://rkritesh.in/socialShare.js](http://rkritesh.in/socialShare.js)\n\n## License\n\nMIT © Ritesh Kumar\n',
17 silly publish   readmeFilename: 'readme.md',
17 silly publish   gitHead: '86a40087175db1803fdb20b89906dc5ade1a01ea',
17 silly publish   bugs: { url: 'https://github.com/ritz078/social-js/issues' },
17 silly publish   homepage: 'https://github.com/ritz078/social-js',
17 silly publish   _id: 'social-share@1.0.0',
17 silly publish   _shasum: 'a82145ed3593febe37cfab26561982701e9b2180',
17 silly publish   _from: '.' }
18 silly mapToRegistry name social-share
19 silly mapToRegistry using default registry
20 silly mapToRegistry registry http://registry.npmjs.org/
21 silly mapToRegistry uri http://registry.npmjs.org/social-share
22 verbose publish registryBase http://registry.npmjs.org/
23 silly publish uploading /Users/ritz078/.npm/social-share/1.0.0/package.tgz
24 verbose request uri http://registry.npmjs.org/social-share
25 verbose request sending authorization for write operation
26 info attempt registry request try #1 at 14:40:03
27 verbose request id edd62d8be9f3c751
28 http request PUT http://registry.npmjs.org/social-share
29 http 401 http://registry.npmjs.org/social-share
30 verbose headers { 'content-type': 'application/json',
30 verbose headers   'cache-control': 'max-age=60',
30 verbose headers   'accept-ranges': 'bytes',
30 verbose headers   date: 'Thu, 02 Apr 2015 09:10:03 GMT',
30 verbose headers   via: '1.1 varnish, 1.1 wscg1',
30 verbose headers   'x-served-by': 'cache-fra1230-FRA',
30 verbose headers   'x-cache': 'MISS',
30 verbose headers   'x-cache-hits': '0',
30 verbose headers   'x-timer': 'S1427965802.016403,VS0,VE1221',
30 verbose headers   'content-length': '38',
30 verbose headers   age: '284' }
31 verbose request invalidating /Users/ritz078/.npm/registry.npmjs.org/social-share on PUT
32 error publish Failed PUT 401
33 verbose stack Error: Request was not authorized : social-share
33 verbose stack     at CachingRegistryClient.<anonymous> (/Users/ritz078/.npm-packages/lib/node_modules/npm/node_modules/npm-registry-client/lib/request.js:254:14)
33 verbose stack     at Request._callback (/Users/ritz078/.npm-packages/lib/node_modules/npm/node_modules/npm-registry-client/lib/request.js:178:14)
33 verbose stack     at Request.self.callback (/Users/ritz078/.npm-packages/lib/node_modules/npm/node_modules/request/request.js:344:22)
33 verbose stack     at Request.emit (events.js:98:17)
33 verbose stack     at Request.<anonymous> (/Users/ritz078/.npm-packages/lib/node_modules/npm/node_modules/request/request.js:1239:14)
33 verbose stack     at Request.emit (events.js:117:20)
33 verbose stack     at IncomingMessage.<anonymous> (/Users/ritz078/.npm-packages/lib/node_modules/npm/node_modules/request/request.js:1187:12)
33 verbose stack     at IncomingMessage.emit (events.js:117:20)
33 verbose stack     at _stream_readable.js:944:16
33 verbose stack     at process._tickCallback (node.js:442:13)
34 verbose statusCode 401
35 verbose pkgid social-share
36 verbose cwd /Users/ritz078/projects/social.js
37 error Darwin 14.1.0
38 error argv "node" "/Users/ritz078/.npm-packages/bin/npm" "publish"
39 error node v0.10.35
40 error npm  v2.7.3
41 error code E401
42 error Request was not authorized : social-share
43 error If you need help, you may report this error at:
43 error     <https://github.com/npm/npm/issues>
44 verbose exit [ 1, true ]
